{"uid":"2281e22daeb71a5f","name":"test_delete_article","fullName":"test.test_main.TestConduit#test_delete_article","historyId":"ac296cb4e9ef9d1ea017d4543135cf36","time":{"start":1654804543091,"stop":1654804565476,"duration":22385},"status":"broken","statusMessage":"selenium.common.exceptions.TimeoutException: Message:","statusTrace":"self = <test_main.TestConduit object at 0x7fb5c5efa430>\n\n    def test_delete_article(self):  # article törléséhez kikeresem a my articles listában amit törölni akarok\n    \t# self.browser.find_element_by_xpath('//a[@href=\"#/editor\"]').click()\n    \t# editor_article(self.browser, new_article['title'], new_article['about'], new_article['descr'],\n    \t# \t\t\t   new_article['tags'])\n    \t# time.sleep(1)\n    \t# assert self.browser.current_url == f'http://localhost:1667/#/articles/{new_article[\"about\"]}'\n    \n    \tmy_articles(self.browser)\n    \tarticle_to_delete = WebDriverWait(self.browser, 20).until(\n    \t\tEC.presence_of_element_located((By.XPATH, f'//h1[text()=\"{new_article[\"title\"]}\"]')))\n    \tarticle_to_delete.click()\n    \ttime.sleep(1)\n    \t# Törlöm az article-t\n>   \tdel_article_btn = WebDriverWait(self.browser, 20).until(\n    \t\tEC.visibility_of_element_located((By.XPATH, '//button[@class=\"btn btn-outline-danger btn-sm\"]')))\n\ntest/test_main.py:123: \n_ _ _ _ _ _ _ _ _ _ _ _ _ _ _ _ _ _ _ _ _ _ _ _ _ _ _ _ _ _ _ _ _ _ _ _ _ _ _ _ \n\nself = <selenium.webdriver.support.wait.WebDriverWait (session=\"ab9052f5dc53703ec345717850ff2a21\")>\nmethod = <selenium.webdriver.support.expected_conditions.visibility_of_element_located object at 0x7fb5c5054f10>\nmessage = ''\n\n    def until(self, method, message=''):\n        \"\"\"Calls the method provided with the driver as an argument until the \\\n        return value is not False.\"\"\"\n        screen = None\n        stacktrace = None\n    \n        end_time = time.time() + self._timeout\n        while True:\n            try:\n                value = method(self._driver)\n                if value:\n                    return value\n            except self._ignored_exceptions as exc:\n                screen = getattr(exc, 'screen', None)\n                stacktrace = getattr(exc, 'stacktrace', None)\n            time.sleep(self._poll)\n            if time.time() > end_time:\n                break\n>       raise TimeoutException(message, screen, stacktrace)\nE       selenium.common.exceptions.TimeoutException: Message:\n\n/opt/hostedtoolcache/Python/3.9.5/x64/lib/python3.9/site-packages/selenium/webdriver/support/wait.py:80: TimeoutException","flaky":false,"newFailed":false,"newBroken":false,"newPassed":false,"retriesCount":0,"retriesStatusChange":false,"beforeStages":[{"name":"_xunit_setup_method_fixture_TestConduit","time":{"start":1654804539208,"stop":1654804543090,"duration":3882},"status":"passed","steps":[],"attachments":[],"parameters":[],"stepsCount":0,"attachmentsCount":0,"shouldDisplayMessage":false,"hasContent":false}],"testStage":{"status":"broken","statusMessage":"selenium.common.exceptions.TimeoutException: Message:","statusTrace":"self = <test_main.TestConduit object at 0x7fb5c5efa430>\n\n    def test_delete_article(self):  # article törléséhez kikeresem a my articles listában amit törölni akarok\n    \t# self.browser.find_element_by_xpath('//a[@href=\"#/editor\"]').click()\n    \t# editor_article(self.browser, new_article['title'], new_article['about'], new_article['descr'],\n    \t# \t\t\t   new_article['tags'])\n    \t# time.sleep(1)\n    \t# assert self.browser.current_url == f'http://localhost:1667/#/articles/{new_article[\"about\"]}'\n    \n    \tmy_articles(self.browser)\n    \tarticle_to_delete = WebDriverWait(self.browser, 20).until(\n    \t\tEC.presence_of_element_located((By.XPATH, f'//h1[text()=\"{new_article[\"title\"]}\"]')))\n    \tarticle_to_delete.click()\n    \ttime.sleep(1)\n    \t# Törlöm az article-t\n>   \tdel_article_btn = WebDriverWait(self.browser, 20).until(\n    \t\tEC.visibility_of_element_located((By.XPATH, '//button[@class=\"btn btn-outline-danger btn-sm\"]')))\n\ntest/test_main.py:123: \n_ _ _ _ _ _ _ _ _ _ _ _ _ _ _ _ _ _ _ _ _ _ _ _ _ _ _ _ _ _ _ _ _ _ _ _ _ _ _ _ \n\nself = <selenium.webdriver.support.wait.WebDriverWait (session=\"ab9052f5dc53703ec345717850ff2a21\")>\nmethod = <selenium.webdriver.support.expected_conditions.visibility_of_element_located object at 0x7fb5c5054f10>\nmessage = ''\n\n    def until(self, method, message=''):\n        \"\"\"Calls the method provided with the driver as an argument until the \\\n        return value is not False.\"\"\"\n        screen = None\n        stacktrace = None\n    \n        end_time = time.time() + self._timeout\n        while True:\n            try:\n                value = method(self._driver)\n                if value:\n                    return value\n            except self._ignored_exceptions as exc:\n                screen = getattr(exc, 'screen', None)\n                stacktrace = getattr(exc, 'stacktrace', None)\n            time.sleep(self._poll)\n            if time.time() > end_time:\n                break\n>       raise TimeoutException(message, screen, stacktrace)\nE       selenium.common.exceptions.TimeoutException: Message:\n\n/opt/hostedtoolcache/Python/3.9.5/x64/lib/python3.9/site-packages/selenium/webdriver/support/wait.py:80: TimeoutException","steps":[],"attachments":[{"uid":"21cf340fcce1793b","name":"log","source":"21cf340fcce1793b.txt","type":"text/plain","size":338},{"uid":"ff9347abd4202f77","name":"stdout","source":"ff9347abd4202f77.txt","type":"text/plain","size":1},{"uid":"79c415451125f44b","name":"stderr","source":"79c415451125f44b.txt","type":"text/plain","size":267}],"parameters":[],"stepsCount":0,"attachmentsCount":3,"shouldDisplayMessage":true,"hasContent":true},"afterStages":[{"name":"_xunit_setup_method_fixture_TestConduit::0","time":{"start":1654804565517,"stop":1654804565574,"duration":57},"status":"passed","steps":[],"attachments":[],"parameters":[],"stepsCount":0,"attachmentsCount":0,"shouldDisplayMessage":false,"hasContent":false}],"labels":[{"name":"parentSuite","value":"test"},{"name":"suite","value":"test_main"},{"name":"subSuite","value":"TestConduit"},{"name":"host","value":"fv-az135-903"},{"name":"thread","value":"3127-MainThread"},{"name":"framework","value":"pytest"},{"name":"language","value":"cpython3"},{"name":"package","value":"test.test_main"},{"name":"resultFormat","value":"allure2"}],"parameters":[],"links":[],"hidden":false,"retry":false,"extra":{"severity":"normal","retries":[],"categories":[{"name":"Test defects","matchedStatuses":[],"flaky":false}],"tags":[]},"source":"2281e22daeb71a5f.json","parameterValues":[]}